<?xml version="1.0" encoding="UTF-8"?>
<testng-results ignored="0" total="1" passed="1" failed="0" skipped="0">
  <reporter-output>
  </reporter-output>
  <suite started-at="2024-02-23T15:53:57 EET" name="Surefire suite" finished-at="2024-02-23T15:53:59 EET" duration-ms="1985">
    <groups>
    </groups>
    <test started-at="2024-02-23T15:53:57 EET" name="Surefire test" finished-at="2024-02-23T15:53:59 EET" duration-ms="1985">
      <class name="com.herokuapp.restfulbooker.HealthCheckTest">
        <test-method signature="healthCheckTest()[pri:0, instance:com.herokuapp.restfulbooker.HealthCheckTest@2accdbb5]" started-at="2024-02-23T15:53:57 EET" name="healthCheckTest" finished-at="2024-02-23T15:53:59 EET" duration-ms="1953" status="PASS">
          <reporter-output>
          </reporter-output>
        </test-method> <!-- healthCheckTest -->
      </class> <!-- com.herokuapp.restfulbooker.HealthCheckTest -->
    </test> <!-- Surefire test -->
  </suite> <!-- Surefire suite -->
</testng-results>
